# JRE version: Java(TM) SE Runtime Environment 18.9 (11.0.13+10) (build 11.0.13+10-LTS-370)
# Java VM: Java HotSpot(TM) 64-Bit Server VM 18.9 (11.0.13+10-LTS-370, mixed mode, tiered, compressed oops, g1 gc, windows-amd64)
Heap:
 garbage-first heap   total 131072K, used 18344K [0x0000000080000000, 0x0000000100000000)
  region size 1024K, 15 young (15360K), 4 survivors (4096K)
 Metaspace       used 22246K, capacity 23026K, committed 23216K, reserved 1069056K
  class space    used 2550K, capacity 2871K, committed 2992K, reserved 1048576K
GC Heap History (8 events):
Event: 0.543 GC heap before
{Heap before GC invocations=0 (full 0):
 garbage-first heap   total 131072K, used 6144K [0x0000000080000000, 0x0000000100000000)
  region size 1024K, 7 young (7168K), 0 survivors (0K)
 Metaspace       used 8977K, capacity 9117K, committed 9344K, reserved 1058816K
  class space    used 811K, capacity 876K, committed 896K, reserved 1048576K
}
Event: 0.555 GC heap after
{Heap after GC invocations=1 (full 0):
 garbage-first heap   total 131072K, used 2428K [0x0000000080000000, 0x0000000100000000)
  region size 1024K, 1 young (1024K), 1 survivors (1024K)
 Metaspace       used 8977K, capacity 9117K, committed 9344K, reserved 1058816K
  class space    used 811K, capacity 876K, committed 896K, reserved 1048576K
}
Event: 0.798 GC heap before
{Heap before GC invocations=1 (full 0):
 garbage-first heap   total 131072K, used 6524K [0x0000000080000000, 0x0000000100000000)
  region size 1024K, 6 young (6144K), 1 survivors (1024K)
 Metaspace       used 9862K, capacity 10006K, committed 10240K, reserved 1058816K
  class space    used 911K, capacity 962K, committed 1024K, reserved 1048576K
}
Event: 0.807 GC heap after
{Heap after GC invocations=2 (full 0):
 garbage-first heap   total 131072K, used 5367K [0x0000000080000000, 0x0000000100000000)
  region size 1024K, 1 young (1024K), 1 survivors (1024K)
 Metaspace       used 9862K, capacity 10006K, committed 10240K, reserved 1058816K
  class space    used 911K, capacity 962K, committed 1024K, reserved 1048576K
}
Event: 3.319 GC heap before
{Heap before GC invocations=2 (full 0):
 garbage-first heap   total 131072K, used 54519K [0x0000000080000000, 0x0000000100000000)
  region size 1024K, 49 young (50176K), 1 survivors (1024K)
 Metaspace       used 18755K, capacity 19304K, committed 19456K, reserved 1067008K
  class space    used 2038K, capacity 2277K, committed 2304K, reserved 1048576K
}
Event: 3.333 GC heap after
{Heap after GC invocations=3 (full 0):
 garbage-first heap   total 131072K, used 7437K [0x0000000080000000, 0x0000000100000000)
  region size 1024K, 4 young (4096K), 4 survivors (4096K)
 Metaspace       used 18755K, capacity 19304K, committed 19456K, reserved 1067008K
  class space    used 2038K, capacity 2277K, committed 2304K, reserved 1048576K
}
Event: 4.189 GC heap before
{Heap before GC invocations=3 (full 0):
 garbage-first heap   total 131072K, used 15629K [0x0000000080000000, 0x0000000100000000)
  region size 1024K, 13 young (13312K), 4 survivors (4096K)
 Metaspace       used 20427K, capacity 21097K, committed 21296K, reserved 1069056K
  class space    used 2283K, capacity 2566K, committed 2608K, reserved 1048576K
}
Event: 4.198 GC heap after
{Heap after GC invocations=4 (full 0):
 garbage-first heap   total 131072K, used 8104K [0x0000000080000000, 0x0000000100000000)
  region size 1024K, 4 young (4096K), 4 survivors (4096K)
 Metaspace       used 20427K, capacity 21097K, committed 21296K, reserved 1069056K
  class space    used 2283K, capacity 2566K, committed 2608K, reserved 1048576K
}

